Using pre-set license
Built from '2020.2/release' branch; Version is '2020.2.1f1 (270dd8c3da1c) revision 2559448'; Using compiler version '192528614'; Build Type 'Release'
OS: 'Windows 10  (10.0.0) 64bit' Language: 'zh' Physical Memory: 16326 MB
BatchMode: 1, IsHumanControllingUs: 0, StartBugReporterOnCrash: 0, Is64bit: 1, IsPro: 0

 COMMAND LINE ARGUMENTS:
C:\Program Files\Unity\Hub\Editor\2020.2.1f1\Editor\Unity.exe
-adb2
-batchMode
-noUpm
-name
AssetImportWorker0
-projectPath
D:/Unity/Projects/Rocket_UdemyLesson
-logFile
Logs/AssetImportWorker0.log
-srvPort
61716
Successfully changed project path to: D:/Unity/Projects/Rocket_UdemyLesson
D:/Unity/Projects/Rocket_UdemyLesson
Using Asset Import Pipeline V2.
Refreshing native plugins compatible for Editor in 16.40 ms, found 0 plugins.
Preloading 0 native plugins for Editor in 0.00 ms.
Initialize engine version: 2020.2.1f1 (270dd8c3da1c)
[Subsystems] Discovering subsystems at path C:/Program Files/Unity/Hub/Editor/2020.2.1f1/Editor/Data/Resources/UnitySubsystems
[Subsystems] Discovering subsystems at path D:/Unity/Projects/Rocket_UdemyLesson/Assets
GfxDevice: creating device client; threaded=0
Direct3D:
    Version:  Direct3D 11.0 [level 11.1]
    Renderer: NVIDIA GeForce RTX 2070 (ID=0x1f02)
    Vendor:   
    VRAM:     8031 MB
    Driver:   27.21.14.6079
Initialize mono
Mono path[0] = 'C:/Program Files/Unity/Hub/Editor/2020.2.1f1/Editor/Data/Managed'
Mono path[1] = 'C:/Program Files/Unity/Hub/Editor/2020.2.1f1/Editor/Data/MonoBleedingEdge/lib/mono/unityjit'
Mono config path = 'C:/Program Files/Unity/Hub/Editor/2020.2.1f1/Editor/Data/MonoBleedingEdge/etc'
Using monoOptions --debugger-agent=transport=dt_socket,embedding=1,server=y,suspend=n,address=127.0.0.1:56776
Begin MonoManager ReloadAssembly
Registering precompiled unity dll's ...
Register platform support module: C:/Program Files/Unity/Hub/Editor/2020.2.1f1/Editor/Data/PlaybackEngines/WindowsStandaloneSupport/UnityEditor.WindowsStandalone.Extensions.dll
Registered in 0.001333 seconds.
Native extension for WindowsStandalone target not found
Refreshing native plugins compatible for Editor in 16.47 ms, found 0 plugins.
Preloading 0 native plugins for Editor in 0.00 ms.
Invoked RoslynAnalysisRunner static constructor.
RoslynAnalysisRunner will not be running.
RoslynAnalysisRunner has terminated.
Mono: successfully reloaded assembly
- Completed reload, in  1.272 seconds
Platform modules already initialized, skipping
Registering precompiled user dll's ...
Registered in 0.000427 seconds.
Begin MonoManager ReloadAssembly
Native extension for WindowsStandalone target not found
Refreshing native plugins compatible for Editor in 0.17 ms, found 0 plugins.
Preloading 0 native plugins for Editor in 0.00 ms.
Invoked RoslynAnalysisRunner static constructor.
RoslynAnalysisRunner will not be running.
RoslynAnalysisRunner has terminated.
Mono: successfully reloaded assembly
- Completed reload, in  0.603 seconds
Platform modules already initialized, skipping
========================================================================
Worker process is ready to serve import requests
Launched and connected shader compiler UnityShaderCompiler.exe after 0.05 seconds
Refreshing native plugins compatible for Editor in 0.48 ms, found 0 plugins.
Preloading 0 native plugins for Editor in 0.00 ms.
Unloading 1094 Unused Serialized files (Serialized files now loaded: 0)
System memory in use before: 56.4 MB.
System memory in use after: 56.4 MB.

Unloading 10 unused Assets to reduce memory usage. Loaded Objects now: 1535.
Total: 1.362500 ms (FindLiveObjects: 0.175600 ms CreateObjectMapping: 0.034200 ms MarkObjects: 1.105800 ms  DeleteObjects: 0.045800 ms)

========================================================================
Received Import Request.
  path: Assets/Scenes
  artifactKey: Guid(2fca5fcda2a8ac04293c7e234aac49f3) Importer(815301076,1909f56bfc062723c751e8b465ee728b)
Start importing Assets/Scenes using Guid(2fca5fcda2a8ac04293c7e234aac49f3) Importer(815301076,1909f56bfc062723c751e8b465ee728b)  -> (artifact id: '0e551cb7169806ecd43d85b4ef111ce2') in 0.008610 seconds
  Import took 0.010172 seconds .

========================================================================
Received Import Request.
  Time since last request: 1.967104 seconds.
  path: Assets
  artifactKey: Guid(00000000000000001000000000000000) Importer(815301076,1909f56bfc062723c751e8b465ee728b)
Start importing Assets using Guid(00000000000000001000000000000000) Importer(815301076,1909f56bfc062723c751e8b465ee728b)  -> (artifact id: 'e1a2c4dac9df7c17871e19a3b74f0e9f') in 0.006086 seconds
  Import took 0.007459 seconds .

========================================================================
Received Import Request.
  Time since last request: 104.925159 seconds.
  path: Assets/Launch Pad.prefab
  artifactKey: Guid(9e4e29315a00a3e4587f1978dfc81e5e) Importer(815301076,1909f56bfc062723c751e8b465ee728b)
Start importing Assets/Launch Pad.prefab using Guid(9e4e29315a00a3e4587f1978dfc81e5e) Importer(815301076,1909f56bfc062723c751e8b465ee728b)  -> (artifact id: '879fb0baddd125d71462186e7e6163bb') in 0.082749 seconds
  Import took 0.084319 seconds .

========================================================================
Received Import Request.
  Time since last request: 10.804604 seconds.
  path: Assets/Prefab
  artifactKey: Guid(246e6d36ea8b04143b875a39b859d37b) Importer(815301076,1909f56bfc062723c751e8b465ee728b)
Start importing Assets/Prefab using Guid(246e6d36ea8b04143b875a39b859d37b) Importer(815301076,1909f56bfc062723c751e8b465ee728b)  -> (artifact id: '3530afd90fc276e5d51209b12a2e0390') in 0.006515 seconds
  Import took 0.008128 seconds .

========================================================================
Received Import Request.
  Time since last request: 14.994916 seconds.
  path: Assets/Scenes/SampleScene.unity
  artifactKey: Guid(9fc0d4010bbf28b4594072e72b8655ab) Importer(815301076,1909f56bfc062723c751e8b465ee728b)
Start importing Assets/Scenes/SampleScene.unity using Guid(9fc0d4010bbf28b4594072e72b8655ab) Importer(815301076,1909f56bfc062723c751e8b465ee728b)  -> (artifact id: '016640421bf54ce873cbc7b610fdb87c') in 0.006137 seconds
  Import took 0.007601 seconds .

========================================================================
Received Import Request.
  Time since last request: 14.080582 seconds.
  path: Assets/Scenes/Level.unity
  artifactKey: Guid(9fc0d4010bbf28b4594072e72b8655ab) Importer(815301076,1909f56bfc062723c751e8b465ee728b)
Start importing Assets/Scenes/Level.unity using Guid(9fc0d4010bbf28b4594072e72b8655ab) Importer(815301076,1909f56bfc062723c751e8b465ee728b)  -> (artifact id: '40a5f130158ca5fa74edc248494af88f') in 0.005396 seconds
  Import took 0.006892 seconds .

========================================================================
Received Import Request.
  Time since last request: 79.980560 seconds.
  path: Assets/Prefab/Ground.prefab
  artifactKey: Guid(e83068f8ef0b73245b9ee1e1ddcc0087) Importer(815301076,1909f56bfc062723c751e8b465ee728b)
Start importing Assets/Prefab/Ground.prefab using Guid(e83068f8ef0b73245b9ee1e1ddcc0087) Importer(815301076,1909f56bfc062723c751e8b465ee728b)  -> (artifact id: 'adb8f2864672fc86a2e20de62e3c85b4') in 0.017618 seconds
  Import took 0.019484 seconds .

========================================================================
Received Import Request.
  Time since last request: 13.147852 seconds.
  path: Assets/Prefab/Ground Material.mat
  artifactKey: Guid(5d141be461e748d4d8fa72a8ff190051) Importer(815301076,1909f56bfc062723c751e8b465ee728b)
Start importing Assets/Prefab/Ground Material.mat using Guid(5d141be461e748d4d8fa72a8ff190051) Importer(815301076,1909f56bfc062723c751e8b465ee728b)  -> (artifact id: 'b0e1e6a2d02721040dd95ebd5d86532c') in 0.033240 seconds
  Import took 0.034946 seconds .

========================================================================
Received Import Request.
  Time since last request: 40.573597 seconds.
  path: Assets/Prefab/Material
  artifactKey: Guid(dc423d9f1a42eac4cb64d885aad7e417) Importer(815301076,1909f56bfc062723c751e8b465ee728b)
Start importing Assets/Prefab/Material using Guid(dc423d9f1a42eac4cb64d885aad7e417) Importer(815301076,1909f56bfc062723c751e8b465ee728b)  -> (artifact id: 'fddb269431df3ea111774fd0855afff7') in 0.004931 seconds
  Import took 0.006424 seconds .

========================================================================
Received Import Request.
  Time since last request: 3.063401 seconds.
  path: Assets/Prefab/Material 1
  artifactKey: Guid(5ae4e41892823c04eb92fe67093012da) Importer(815301076,1909f56bfc062723c751e8b465ee728b)
Start importing Assets/Prefab/Material 1 using Guid(5ae4e41892823c04eb92fe67093012da) Importer(815301076,1909f56bfc062723c751e8b465ee728b)  -> (artifact id: '158f5585d0cfe294d908d41b6c6b1fa4') in 0.004779 seconds
  Import took 0.006330 seconds .

========================================================================
Received Import Request.
  Time since last request: 0.000769 seconds.
  path: Assets/Prefab/Material 1
  artifactKey: Guid(5ae4e41892823c04eb92fe67093012da) Importer(815301076,1909f56bfc062723c751e8b465ee728b)
Start importing Assets/Prefab/Material 1 using Guid(5ae4e41892823c04eb92fe67093012da) Importer(815301076,1909f56bfc062723c751e8b465ee728b)  -> (artifact id: '158f5585d0cfe294d908d41b6c6b1fa4') in 0.001698 seconds
  Import took 0.003441 seconds .

========================================================================
Received Import Request.
  Time since last request: 12.530904 seconds.
  path: Assets/Materials
  artifactKey: Guid(1c1a9a2387e23cc488825636e7081e77) Importer(815301076,1909f56bfc062723c751e8b465ee728b)
Start importing Assets/Materials using Guid(1c1a9a2387e23cc488825636e7081e77) Importer(815301076,1909f56bfc062723c751e8b465ee728b)  -> (artifact id: '95415955d99a9316bded613224b58c1a') in 0.004928 seconds
  Import took 0.006555 seconds .

========================================================================
Received Import Request.
  Time since last request: 7.855690 seconds.
  path: Assets/Materials/Ground.mat
  artifactKey: Guid(2b608136c5bf9074c9ac65d5a3105010) Importer(815301076,1909f56bfc062723c751e8b465ee728b)
Start importing Assets/Materials/Ground.mat using Guid(2b608136c5bf9074c9ac65d5a3105010) Importer(815301076,1909f56bfc062723c751e8b465ee728b)  -> (artifact id: '710250c243c5bf8697bc393564abfb58') in 0.017740 seconds
  Import took 0.019349 seconds .

========================================================================
Received Import Request.
  Time since last request: 34.550638 seconds.
  path: Assets/Materials/Ground025_1K_Color.jpg
  artifactKey: Guid(0b8fcc0decb237444b2ca21313a0dfe4) Importer(815301076,1909f56bfc062723c751e8b465ee728b)
Start importing Assets/Materials/Ground025_1K_Color.jpg using Guid(0b8fcc0decb237444b2ca21313a0dfe4) Importer(815301076,1909f56bfc062723c751e8b465ee728b)  -> (artifact id: 'f5cafd8bafc6d8e9dbbe49bebf4147b9') in 0.027946 seconds
  Import took 0.029637 seconds .

========================================================================
Received Import Request.
  Time since last request: 2.797534 seconds.
  path: Assets/Materials/Ground025_1K_Normal.jpg
  artifactKey: Guid(34e4564a9da625d4f80ee2f7fe52970f) Importer(815301076,1909f56bfc062723c751e8b465ee728b)
Start importing Assets/Materials/Ground025_1K_Normal.jpg using Guid(34e4564a9da625d4f80ee2f7fe52970f) Importer(815301076,1909f56bfc062723c751e8b465ee728b)  -> (artifact id: '53d29e3d29da8fdd9cb0f80ac78f30dd') in 0.013129 seconds
  Import took 0.014844 seconds .

========================================================================
Received Import Request.
  Time since last request: 0.001593 seconds.
  path: Assets/Materials/Ground025_1K_Normal.jpg
  artifactKey: Guid(34e4564a9da625d4f80ee2f7fe52970f) Importer(815301076,1909f56bfc062723c751e8b465ee728b)
Start importing Assets/Materials/Ground025_1K_Normal.jpg using Guid(34e4564a9da625d4f80ee2f7fe52970f) Importer(815301076,1909f56bfc062723c751e8b465ee728b)  -> (artifact id: '53d29e3d29da8fdd9cb0f80ac78f30dd') in 0.010658 seconds
  Import took 0.012178 seconds .

========================================================================
Received Import Request.
  Time since last request: 5.904511 seconds.
  path: Assets/Materials/Ground
  artifactKey: Guid(94def9a5750b6624ea207a62a5dc2c55) Importer(815301076,1909f56bfc062723c751e8b465ee728b)
Start importing Assets/Materials/Ground using Guid(94def9a5750b6624ea207a62a5dc2c55) Importer(815301076,1909f56bfc062723c751e8b465ee728b)  -> (artifact id: '0ddb43136af870962e337db6e655b6a9') in 0.001575 seconds
  Import took 0.003043 seconds .

========================================================================
Received Import Request.
  Time since last request: 193.827788 seconds.
  path: Assets/Materials/Ground/Ground025_1K_AmbientOcclusion.jpg
  artifactKey: Guid(91d19c68533e09c429687c5ec4bbf070) Importer(815301076,1909f56bfc062723c751e8b465ee728b)
Start importing Assets/Materials/Ground/Ground025_1K_AmbientOcclusion.jpg using Guid(91d19c68533e09c429687c5ec4bbf070) Importer(815301076,1909f56bfc062723c751e8b465ee728b)  -> (artifact id: '0bd82260a3e80018e8e2cf5c095322f3') in 0.021266 seconds
  Import took 0.022885 seconds .

========================================================================
Received Import Request.
  Time since last request: 97.759172 seconds.
  path: Assets/Materials/Ground/Ground025_1K_Displacement.jpg
  artifactKey: Guid(011645c2c4b8f244ab25d531582f4659) Importer(815301076,1909f56bfc062723c751e8b465ee728b)
Start importing Assets/Materials/Ground/Ground025_1K_Displacement.jpg using Guid(011645c2c4b8f244ab25d531582f4659) Importer(815301076,1909f56bfc062723c751e8b465ee728b)  -> (artifact id: '15592c3d2f323f225e37873ab156da67') in 0.014441 seconds
  Import took 0.016062 seconds .

========================================================================
Received Import Request.
  Time since last request: 0.000858 seconds.
  path: Assets/Materials/Ground/Ground025_1K_Displacement.jpg
  artifactKey: Guid(011645c2c4b8f244ab25d531582f4659) Importer(815301076,1909f56bfc062723c751e8b465ee728b)
Start importing Assets/Materials/Ground/Ground025_1K_Displacement.jpg using Guid(011645c2c4b8f244ab25d531582f4659) Importer(815301076,1909f56bfc062723c751e8b465ee728b)  -> (artifact id: '15592c3d2f323f225e37873ab156da67') in 0.010160 seconds
  Import took 0.011708 seconds .

========================================================================
Received Import Request.
  Time since last request: 349.661363 seconds.
  path: Assets/Materials/Ground/Ground025_1K_Normal.jpg
  artifactKey: Guid(34e4564a9da625d4f80ee2f7fe52970f) Importer(815301076,1909f56bfc062723c751e8b465ee728b)
Start importing Assets/Materials/Ground/Ground025_1K_Normal.jpg using Guid(34e4564a9da625d4f80ee2f7fe52970f) Importer(815301076,1909f56bfc062723c751e8b465ee728b)  -> (artifact id: '69743920acaa0387c22086fac548cfac') in 0.018770 seconds
  Import took 0.021048 seconds .

========================================================================
Received Import Request.
  Time since last request: 41.807922 seconds.
  path: Assets/Materials/Ground/Ground.mat
  artifactKey: Guid(2b608136c5bf9074c9ac65d5a3105010) Importer(815301076,1909f56bfc062723c751e8b465ee728b)
Start importing Assets/Materials/Ground/Ground.mat using Guid(2b608136c5bf9074c9ac65d5a3105010) Importer(815301076,1909f56bfc062723c751e8b465ee728b)  -> (artifact id: '7d2d33bde2e157eed0c412fcc7e5f00b') in 0.026119 seconds
  Import took 0.027824 seconds .

========================================================================
Received Import Request.
  Time since last request: 197.311300 seconds.
  path: Assets/Materials/Ground/Ground025_1K_Color.jpg
  artifactKey: Guid(0b8fcc0decb237444b2ca21313a0dfe4) Importer(815301076,1909f56bfc062723c751e8b465ee728b)
Start importing Assets/Materials/Ground/Ground025_1K_Color.jpg using Guid(0b8fcc0decb237444b2ca21313a0dfe4) Importer(815301076,1909f56bfc062723c751e8b465ee728b)  -> (artifact id: '468a36cfe0f21e5cf6e5960fc1687bf4') in 0.013832 seconds
  Import took 0.015822 seconds .

========================================================================
Received Import Request.
  Time since last request: 328.946811 seconds.
  path: Assets/Prefab/Ground.prefab
  artifactKey: Guid(e83068f8ef0b73245b9ee1e1ddcc0087) Importer(815301076,1909f56bfc062723c751e8b465ee728b)
Start importing Assets/Prefab/Ground.prefab using Guid(e83068f8ef0b73245b9ee1e1ddcc0087) Importer(815301076,1909f56bfc062723c751e8b465ee728b)  -> (artifact id: '4f8e3b11902e908e53ae9c96b9bf20e3') in 0.017586 seconds
  Import took 0.020242 seconds .

AssetImportWorkerClient::OnTransportError - code=2 error=End of file
